{
  "RSpec": {
    "coverage": {
      "/Users/christiannaykene/Documents/Makers/Ruby/Week7/makersbnb/app.rb": {
        "lines": [
          1,
          1,
          null,
          1,
          null,
          0,
          0,
          0,
          null,
          null,
          0,
          null
        ]
      },
      "/Users/christiannaykene/Documents/Makers/Ruby/Week7/makersbnb/lib/space.rb": {
        "lines": [
          1,
          null,
          1,
          null,
          1,
          null,
          1,
          0,
          0,
          0,
          0,
          null,
          null,
          1,
          null,
          null,
          null,
          1,
          null,
          null,
          null,
          1,
          null,
          null,
          null
        ]
      }
    },
    "timestamp": 1605006499
  }
}
